2015-12-04 00:17:53,431 [Worker-1] INFO  o.e.m.c.i.l.LifecycleMappingFactory - Using NULL lifecycle mapping for MavenProject: nju.se.hhf:LCS:1.0-SNAPSHOT @ F:\workspace2\Logistics_System\LogisticSystem\pom.xml.
2015-12-04 00:17:54,323 [Worker-1] INFO  o.e.m.c.i.l.LifecycleMappingFactory - Using org.eclipse.m2e.jdt.JarLifecycleMapping lifecycle mapping for MavenProject: nju.se.hhf:client:1.0-SNAPSHOT @ F:\workspace2\Logistics_System\LogisticSystem\client\pom.xml.
2015-12-04 00:17:54,394 [Worker-1] INFO  o.e.m.c.i.l.LifecycleMappingFactory - Using org.eclipse.m2e.jdt.JarLifecycleMapping lifecycle mapping for MavenProject: nju.se.hhf:server:1.0-SNAPSHOT @ F:\workspace2\Logistics_System\LogisticSystem\server\pom.xml.
2015-12-04 00:17:54,473 [Worker-1] INFO  o.e.m.c.i.l.LifecycleMappingFactory - Using org.eclipse.m2e.jdt.JarLifecycleMapping lifecycle mapping for MavenProject: nju.se.hhf:common:1.0-SNAPSHOT @ F:\workspace2\Logistics_System\LogisticSystem\common\pom.xml.
2015-12-04 00:17:55,311 [Worker-1] INFO  o.e.m.j.i.AbstractJavaProjectConfigurator - Adding source folder /common/src/main/java
2015-12-04 00:17:55,311 [Worker-1] INFO  o.e.m.j.i.AbstractJavaProjectConfigurator - Adding source folder /common/src/test/java
2015-12-04 00:17:55,394 [Worker-1] INFO  o.e.m.j.i.AbstractJavaProjectConfigurator - Adding source folder /client/src/main/java
2015-12-04 00:17:55,396 [Worker-1] INFO  o.e.m.j.i.AbstractJavaProjectConfigurator - Adding source folder /client/src/test/java
2015-12-04 00:17:55,453 [Worker-1] INFO  o.e.m.j.i.AbstractJavaProjectConfigurator - Adding source folder /server/src/main/java
2015-12-04 00:17:55,454 [Worker-1] INFO  o.e.m.j.i.AbstractJavaProjectConfigurator - Adding source folder /server/src/test/java
2015-12-04 00:17:55,525 [Worker-1] INFO  o.e.m.c.i.p.ProjectConfigurationManager - Imported and configured 4 project(s) in 3 sec
2015-12-04 00:17:58,024 [Worker-4] WARN  o.e.m.c.i.embedder.EclipseLogger - Using platform encoding (GBK actually) to copy filtered resources, i.e. build is platform dependent!
2015-12-04 00:17:58,025 [Worker-4] INFO  o.e.m.c.i.embedder.EclipseLogger - skip non existing resourceDirectory F:\workspace2\Logistics_System\LogisticSystem\common\src\main\resources
2015-12-04 00:17:58,028 [Worker-4] WARN  o.e.m.c.i.embedder.EclipseLogger - Using platform encoding (GBK actually) to copy filtered resources, i.e. build is platform dependent!
2015-12-04 00:17:58,029 [Worker-4] INFO  o.e.m.c.i.embedder.EclipseLogger - skip non existing resourceDirectory F:\workspace2\Logistics_System\LogisticSystem\common\src\test\resources
2015-12-04 00:17:58,054 [Worker-4] WARN  o.e.m.c.i.embedder.EclipseLogger - Using platform encoding (GBK actually) to copy filtered resources, i.e. build is platform dependent!
2015-12-04 00:17:58,055 [Worker-4] INFO  o.e.m.c.i.embedder.EclipseLogger - skip non existing resourceDirectory F:\workspace2\Logistics_System\LogisticSystem\client\src\main\resources
2015-12-04 00:17:58,057 [Worker-4] WARN  o.e.m.c.i.embedder.EclipseLogger - Using platform encoding (GBK actually) to copy filtered resources, i.e. build is platform dependent!
2015-12-04 00:17:58,058 [Worker-4] INFO  o.e.m.c.i.embedder.EclipseLogger - skip non existing resourceDirectory F:\workspace2\Logistics_System\LogisticSystem\client\src\test\resources
2015-12-04 00:17:58,229 [Worker-4] WARN  o.e.m.c.i.embedder.EclipseLogger - Using platform encoding (GBK actually) to copy filtered resources, i.e. build is platform dependent!
2015-12-04 00:17:58,230 [Worker-4] INFO  o.e.m.c.i.embedder.EclipseLogger - skip non existing resourceDirectory F:\workspace2\Logistics_System\LogisticSystem\server\src\main\resources
2015-12-04 00:17:58,232 [Worker-4] WARN  o.e.m.c.i.embedder.EclipseLogger - Using platform encoding (GBK actually) to copy filtered resources, i.e. build is platform dependent!
2015-12-04 00:17:58,232 [Worker-4] INFO  o.e.m.c.i.embedder.EclipseLogger - skip non existing resourceDirectory F:\workspace2\Logistics_System\LogisticSystem\server\src\test\resources
2015-12-04 00:18:54,947 [Worker-4] WARN  o.e.m.c.i.embedder.EclipseLogger - Using platform encoding (GBK actually) to copy filtered resources, i.e. build is platform dependent!
2015-12-04 00:18:54,947 [Worker-4] INFO  o.e.m.c.i.embedder.EclipseLogger - skip non existing resourceDirectory F:\workspace2\Logistics_System\LogisticSystem\common\src\main\resources
2015-12-04 00:18:54,949 [Worker-4] WARN  o.e.m.c.i.embedder.EclipseLogger - Using platform encoding (GBK actually) to copy filtered resources, i.e. build is platform dependent!
2015-12-04 00:18:54,950 [Worker-4] INFO  o.e.m.c.i.embedder.EclipseLogger - skip non existing resourceDirectory F:\workspace2\Logistics_System\LogisticSystem\common\src\test\resources
2015-12-04 00:18:54,956 [Worker-4] WARN  o.e.m.c.i.embedder.EclipseLogger - Using platform encoding (GBK actually) to copy filtered resources, i.e. build is platform dependent!
2015-12-04 00:18:54,957 [Worker-4] INFO  o.e.m.c.i.embedder.EclipseLogger - skip non existing resourceDirectory F:\workspace2\Logistics_System\LogisticSystem\client\src\main\resources
2015-12-04 00:18:54,958 [Worker-4] WARN  o.e.m.c.i.embedder.EclipseLogger - Using platform encoding (GBK actually) to copy filtered resources, i.e. build is platform dependent!
2015-12-04 00:18:54,959 [Worker-4] INFO  o.e.m.c.i.embedder.EclipseLogger - skip non existing resourceDirectory F:\workspace2\Logistics_System\LogisticSystem\client\src\test\resources
2015-12-04 00:18:54,964 [Worker-4] WARN  o.e.m.c.i.embedder.EclipseLogger - Using platform encoding (GBK actually) to copy filtered resources, i.e. build is platform dependent!
2015-12-04 00:18:54,965 [Worker-4] INFO  o.e.m.c.i.embedder.EclipseLogger - skip non existing resourceDirectory F:\workspace2\Logistics_System\LogisticSystem\server\src\main\resources
2015-12-04 00:18:54,967 [Worker-4] WARN  o.e.m.c.i.embedder.EclipseLogger - Using platform encoding (GBK actually) to copy filtered resources, i.e. build is platform dependent!
2015-12-04 00:18:54,968 [Worker-4] INFO  o.e.m.c.i.embedder.EclipseLogger - skip non existing resourceDirectory F:\workspace2\Logistics_System\LogisticSystem\server\src\test\resources
2015-12-04 00:23:01,939 [Worker-8] WARN  o.e.m.c.i.embedder.EclipseLogger - Using platform encoding (GBK actually) to copy filtered resources, i.e. build is platform dependent!
2015-12-04 00:23:01,941 [Worker-8] INFO  o.e.m.c.i.embedder.EclipseLogger - skip non existing resourceDirectory F:\workspace2\Logistics_System\LogisticSystem\client\src\main\resources
2015-12-04 00:23:01,942 [Worker-8] WARN  o.e.m.c.i.embedder.EclipseLogger - Using platform encoding (GBK actually) to copy filtered resources, i.e. build is platform dependent!
2015-12-04 00:23:01,943 [Worker-8] INFO  o.e.m.c.i.embedder.EclipseLogger - skip non existing resourceDirectory F:\workspace2\Logistics_System\LogisticSystem\client\src\test\resources
2015-12-04 00:23:26,442 [Worker-0] WARN  o.e.m.c.i.embedder.EclipseLogger - Using platform encoding (GBK actually) to copy filtered resources, i.e. build is platform dependent!
2015-12-04 00:23:26,443 [Worker-0] INFO  o.e.m.c.i.embedder.EclipseLogger - skip non existing resourceDirectory F:\workspace2\Logistics_System\LogisticSystem\client\src\main\resources
2015-12-04 00:23:26,446 [Worker-0] WARN  o.e.m.c.i.embedder.EclipseLogger - Using platform encoding (GBK actually) to copy filtered resources, i.e. build is platform dependent!
2015-12-04 00:23:26,446 [Worker-0] INFO  o.e.m.c.i.embedder.EclipseLogger - skip non existing resourceDirectory F:\workspace2\Logistics_System\LogisticSystem\client\src\test\resources
2015-12-04 00:23:51,449 [Worker-1] WARN  o.e.m.c.i.embedder.EclipseLogger - Using platform encoding (GBK actually) to copy filtered resources, i.e. build is platform dependent!
2015-12-04 00:23:51,449 [Worker-1] INFO  o.e.m.c.i.embedder.EclipseLogger - skip non existing resourceDirectory F:\workspace2\Logistics_System\LogisticSystem\client\src\main\resources
2015-12-04 00:23:51,450 [Worker-1] WARN  o.e.m.c.i.embedder.EclipseLogger - Using platform encoding (GBK actually) to copy filtered resources, i.e. build is platform dependent!
2015-12-04 00:23:51,451 [Worker-1] INFO  o.e.m.c.i.embedder.EclipseLogger - skip non existing resourceDirectory F:\workspace2\Logistics_System\LogisticSystem\client\src\test\resources
2015-12-04 00:23:57,719 [Worker-1] WARN  o.e.m.c.i.embedder.EclipseLogger - Using platform encoding (GBK actually) to copy filtered resources, i.e. build is platform dependent!
2015-12-04 00:23:57,720 [Worker-1] INFO  o.e.m.c.i.embedder.EclipseLogger - skip non existing resourceDirectory F:\workspace2\Logistics_System\LogisticSystem\client\src\main\resources
2015-12-04 00:23:57,721 [Worker-1] WARN  o.e.m.c.i.embedder.EclipseLogger - Using platform encoding (GBK actually) to copy filtered resources, i.e. build is platform dependent!
2015-12-04 00:23:57,721 [Worker-1] INFO  o.e.m.c.i.embedder.EclipseLogger - skip non existing resourceDirectory F:\workspace2\Logistics_System\LogisticSystem\client\src\test\resources
2015-12-04 00:24:08,142 [Worker-5] WARN  o.e.m.c.i.embedder.EclipseLogger - Using platform encoding (GBK actually) to copy filtered resources, i.e. build is platform dependent!
2015-12-04 00:24:08,143 [Worker-5] INFO  o.e.m.c.i.embedder.EclipseLogger - skip non existing resourceDirectory F:\workspace2\Logistics_System\LogisticSystem\client\src\main\resources
2015-12-04 00:24:08,144 [Worker-5] WARN  o.e.m.c.i.embedder.EclipseLogger - Using platform encoding (GBK actually) to copy filtered resources, i.e. build is platform dependent!
2015-12-04 00:24:08,144 [Worker-5] INFO  o.e.m.c.i.embedder.EclipseLogger - skip non existing resourceDirectory F:\workspace2\Logistics_System\LogisticSystem\client\src\test\resources
2015-12-04 00:25:20,157 [Worker-8] WARN  o.e.m.c.i.embedder.EclipseLogger - Using platform encoding (GBK actually) to copy filtered resources, i.e. build is platform dependent!
2015-12-04 00:25:20,158 [Worker-8] INFO  o.e.m.c.i.embedder.EclipseLogger - skip non existing resourceDirectory F:\workspace2\Logistics_System\LogisticSystem\client\src\main\resources
2015-12-04 00:25:20,159 [Worker-8] WARN  o.e.m.c.i.embedder.EclipseLogger - Using platform encoding (GBK actually) to copy filtered resources, i.e. build is platform dependent!
2015-12-04 00:25:20,159 [Worker-8] INFO  o.e.m.c.i.embedder.EclipseLogger - skip non existing resourceDirectory F:\workspace2\Logistics_System\LogisticSystem\client\src\test\resources
2015-12-04 00:26:02,865 [Worker-1] WARN  o.e.m.c.i.embedder.EclipseLogger - Using platform encoding (GBK actually) to copy filtered resources, i.e. build is platform dependent!
2015-12-04 00:26:02,866 [Worker-1] INFO  o.e.m.c.i.embedder.EclipseLogger - skip non existing resourceDirectory F:\workspace2\Logistics_System\LogisticSystem\client\src\main\resources
2015-12-04 00:26:02,868 [Worker-1] WARN  o.e.m.c.i.embedder.EclipseLogger - Using platform encoding (GBK actually) to copy filtered resources, i.e. build is platform dependent!
2015-12-04 00:26:02,868 [Worker-1] INFO  o.e.m.c.i.embedder.EclipseLogger - skip non existing resourceDirectory F:\workspace2\Logistics_System\LogisticSystem\client\src\test\resources
2015-12-04 00:27:06,347 [Worker-8] WARN  o.e.m.c.i.embedder.EclipseLogger - Using platform encoding (GBK actually) to copy filtered resources, i.e. build is platform dependent!
2015-12-04 00:27:06,348 [Worker-8] INFO  o.e.m.c.i.embedder.EclipseLogger - skip non existing resourceDirectory F:\workspace2\Logistics_System\LogisticSystem\client\src\main\resources
2015-12-04 00:27:06,350 [Worker-8] WARN  o.e.m.c.i.embedder.EclipseLogger - Using platform encoding (GBK actually) to copy filtered resources, i.e. build is platform dependent!
2015-12-04 00:27:06,350 [Worker-8] INFO  o.e.m.c.i.embedder.EclipseLogger - skip non existing resourceDirectory F:\workspace2\Logistics_System\LogisticSystem\client\src\test\resources
2015-12-04 00:28:29,191 [Worker-7] WARN  o.e.m.c.i.embedder.EclipseLogger - Using platform encoding (GBK actually) to copy filtered resources, i.e. build is platform dependent!
2015-12-04 00:28:29,192 [Worker-7] INFO  o.e.m.c.i.embedder.EclipseLogger - skip non existing resourceDirectory F:\workspace2\Logistics_System\LogisticSystem\client\src\main\resources
2015-12-04 00:28:29,194 [Worker-7] WARN  o.e.m.c.i.embedder.EclipseLogger - Using platform encoding (GBK actually) to copy filtered resources, i.e. build is platform dependent!
2015-12-04 00:28:29,194 [Worker-7] INFO  o.e.m.c.i.embedder.EclipseLogger - skip non existing resourceDirectory F:\workspace2\Logistics_System\LogisticSystem\client\src\test\resources
2015-12-04 00:29:06,194 [Worker-4] WARN  o.e.m.c.i.embedder.EclipseLogger - Using platform encoding (GBK actually) to copy filtered resources, i.e. build is platform dependent!
2015-12-04 00:29:06,194 [Worker-4] INFO  o.e.m.c.i.embedder.EclipseLogger - skip non existing resourceDirectory F:\workspace2\Logistics_System\LogisticSystem\client\src\main\resources
2015-12-04 00:29:06,198 [Worker-4] WARN  o.e.m.c.i.embedder.EclipseLogger - Using platform encoding (GBK actually) to copy filtered resources, i.e. build is platform dependent!
2015-12-04 00:29:06,199 [Worker-4] INFO  o.e.m.c.i.embedder.EclipseLogger - skip non existing resourceDirectory F:\workspace2\Logistics_System\LogisticSystem\client\src\test\resources
2015-12-04 00:29:35,089 [Worker-3] WARN  o.e.m.c.i.embedder.EclipseLogger - Using platform encoding (GBK actually) to copy filtered resources, i.e. build is platform dependent!
2015-12-04 00:29:35,090 [Worker-3] INFO  o.e.m.c.i.embedder.EclipseLogger - skip non existing resourceDirectory F:\workspace2\Logistics_System\LogisticSystem\client\src\main\resources
2015-12-04 00:29:35,092 [Worker-3] WARN  o.e.m.c.i.embedder.EclipseLogger - Using platform encoding (GBK actually) to copy filtered resources, i.e. build is platform dependent!
2015-12-04 00:29:35,093 [Worker-3] INFO  o.e.m.c.i.embedder.EclipseLogger - skip non existing resourceDirectory F:\workspace2\Logistics_System\LogisticSystem\client\src\test\resources
2015-12-04 00:29:49,239 [Worker-6] WARN  o.e.m.c.i.embedder.EclipseLogger - Using platform encoding (GBK actually) to copy filtered resources, i.e. build is platform dependent!
2015-12-04 00:29:49,240 [Worker-6] INFO  o.e.m.c.i.embedder.EclipseLogger - skip non existing resourceDirectory F:\workspace2\Logistics_System\LogisticSystem\client\src\main\resources
2015-12-04 00:29:49,240 [Worker-6] WARN  o.e.m.c.i.embedder.EclipseLogger - Using platform encoding (GBK actually) to copy filtered resources, i.e. build is platform dependent!
2015-12-04 00:29:49,241 [Worker-6] INFO  o.e.m.c.i.embedder.EclipseLogger - skip non existing resourceDirectory F:\workspace2\Logistics_System\LogisticSystem\client\src\test\resources
2015-12-04 00:29:56,595 [Worker-1] WARN  o.e.m.c.i.embedder.EclipseLogger - Using platform encoding (GBK actually) to copy filtered resources, i.e. build is platform dependent!
2015-12-04 00:29:56,595 [Worker-1] INFO  o.e.m.c.i.embedder.EclipseLogger - skip non existing resourceDirectory F:\workspace2\Logistics_System\LogisticSystem\client\src\main\resources
2015-12-04 00:29:56,597 [Worker-1] WARN  o.e.m.c.i.embedder.EclipseLogger - Using platform encoding (GBK actually) to copy filtered resources, i.e. build is platform dependent!
2015-12-04 00:29:56,598 [Worker-1] INFO  o.e.m.c.i.embedder.EclipseLogger - skip non existing resourceDirectory F:\workspace2\Logistics_System\LogisticSystem\client\src\test\resources
2015-12-04 00:31:01,149 [Worker-6] WARN  o.e.m.c.i.embedder.EclipseLogger - Using platform encoding (GBK actually) to copy filtered resources, i.e. build is platform dependent!
2015-12-04 00:31:01,150 [Worker-6] INFO  o.e.m.c.i.embedder.EclipseLogger - skip non existing resourceDirectory F:\workspace2\Logistics_System\LogisticSystem\client\src\main\resources
2015-12-04 00:31:01,151 [Worker-6] WARN  o.e.m.c.i.embedder.EclipseLogger - Using platform encoding (GBK actually) to copy filtered resources, i.e. build is platform dependent!
2015-12-04 00:31:01,152 [Worker-6] INFO  o.e.m.c.i.embedder.EclipseLogger - skip non existing resourceDirectory F:\workspace2\Logistics_System\LogisticSystem\client\src\test\resources
2015-12-04 00:32:19,503 [Worker-5] WARN  o.e.m.c.i.embedder.EclipseLogger - Using platform encoding (GBK actually) to copy filtered resources, i.e. build is platform dependent!
2015-12-04 00:32:19,504 [Worker-5] INFO  o.e.m.c.i.embedder.EclipseLogger - skip non existing resourceDirectory F:\workspace2\Logistics_System\LogisticSystem\client\src\main\resources
2015-12-04 00:32:19,505 [Worker-5] WARN  o.e.m.c.i.embedder.EclipseLogger - Using platform encoding (GBK actually) to copy filtered resources, i.e. build is platform dependent!
2015-12-04 00:32:19,506 [Worker-5] INFO  o.e.m.c.i.embedder.EclipseLogger - skip non existing resourceDirectory F:\workspace2\Logistics_System\LogisticSystem\client\src\test\resources
2015-12-04 00:32:30,209 [Worker-8] WARN  o.e.m.c.i.embedder.EclipseLogger - Using platform encoding (GBK actually) to copy filtered resources, i.e. build is platform dependent!
2015-12-04 00:32:30,210 [Worker-8] INFO  o.e.m.c.i.embedder.EclipseLogger - skip non existing resourceDirectory F:\workspace2\Logistics_System\LogisticSystem\client\src\main\resources
2015-12-04 00:32:30,211 [Worker-8] WARN  o.e.m.c.i.embedder.EclipseLogger - Using platform encoding (GBK actually) to copy filtered resources, i.e. build is platform dependent!
2015-12-04 00:32:30,212 [Worker-8] INFO  o.e.m.c.i.embedder.EclipseLogger - skip non existing resourceDirectory F:\workspace2\Logistics_System\LogisticSystem\client\src\test\resources
2015-12-04 00:33:27,798 [Worker-5] WARN  o.e.m.c.i.embedder.EclipseLogger - Using platform encoding (GBK actually) to copy filtered resources, i.e. build is platform dependent!
2015-12-04 00:33:27,800 [Worker-5] INFO  o.e.m.c.i.embedder.EclipseLogger - skip non existing resourceDirectory F:\workspace2\Logistics_System\LogisticSystem\client\src\main\resources
2015-12-04 00:33:27,801 [Worker-5] WARN  o.e.m.c.i.embedder.EclipseLogger - Using platform encoding (GBK actually) to copy filtered resources, i.e. build is platform dependent!
2015-12-04 00:33:27,802 [Worker-5] INFO  o.e.m.c.i.embedder.EclipseLogger - skip non existing resourceDirectory F:\workspace2\Logistics_System\LogisticSystem\client\src\test\resources
2015-12-04 00:33:35,533 [Worker-7] WARN  o.e.m.c.i.embedder.EclipseLogger - Using platform encoding (GBK actually) to copy filtered resources, i.e. build is platform dependent!
2015-12-04 00:33:35,534 [Worker-7] INFO  o.e.m.c.i.embedder.EclipseLogger - skip non existing resourceDirectory F:\workspace2\Logistics_System\LogisticSystem\client\src\main\resources
2015-12-04 00:33:35,535 [Worker-7] WARN  o.e.m.c.i.embedder.EclipseLogger - Using platform encoding (GBK actually) to copy filtered resources, i.e. build is platform dependent!
2015-12-04 00:33:35,536 [Worker-7] INFO  o.e.m.c.i.embedder.EclipseLogger - skip non existing resourceDirectory F:\workspace2\Logistics_System\LogisticSystem\client\src\test\resources
2015-12-04 00:33:46,648 [Worker-2] WARN  o.e.m.c.i.embedder.EclipseLogger - Using platform encoding (GBK actually) to copy filtered resources, i.e. build is platform dependent!
2015-12-04 00:33:46,649 [Worker-2] INFO  o.e.m.c.i.embedder.EclipseLogger - skip non existing resourceDirectory F:\workspace2\Logistics_System\LogisticSystem\client\src\main\resources
2015-12-04 00:33:46,649 [Worker-2] WARN  o.e.m.c.i.embedder.EclipseLogger - Using platform encoding (GBK actually) to copy filtered resources, i.e. build is platform dependent!
2015-12-04 00:33:46,650 [Worker-2] INFO  o.e.m.c.i.embedder.EclipseLogger - skip non existing resourceDirectory F:\workspace2\Logistics_System\LogisticSystem\client\src\test\resources
2015-12-04 00:34:26,633 [Worker-6] WARN  o.e.m.c.i.embedder.EclipseLogger - Using platform encoding (GBK actually) to copy filtered resources, i.e. build is platform dependent!
2015-12-04 00:34:26,634 [Worker-6] INFO  o.e.m.c.i.embedder.EclipseLogger - skip non existing resourceDirectory F:\workspace2\Logistics_System\LogisticSystem\client\src\main\resources
2015-12-04 00:34:26,635 [Worker-6] WARN  o.e.m.c.i.embedder.EclipseLogger - Using platform encoding (GBK actually) to copy filtered resources, i.e. build is platform dependent!
2015-12-04 00:34:26,636 [Worker-6] INFO  o.e.m.c.i.embedder.EclipseLogger - skip non existing resourceDirectory F:\workspace2\Logistics_System\LogisticSystem\client\src\test\resources
2015-12-04 00:35:40,208 [Worker-5] WARN  o.e.m.c.i.embedder.EclipseLogger - Using platform encoding (GBK actually) to copy filtered resources, i.e. build is platform dependent!
2015-12-04 00:35:40,210 [Worker-5] INFO  o.e.m.c.i.embedder.EclipseLogger - skip non existing resourceDirectory F:\workspace2\Logistics_System\LogisticSystem\client\src\main\resources
2015-12-04 00:35:40,210 [Worker-5] WARN  o.e.m.c.i.embedder.EclipseLogger - Using platform encoding (GBK actually) to copy filtered resources, i.e. build is platform dependent!
2015-12-04 00:35:40,211 [Worker-5] INFO  o.e.m.c.i.embedder.EclipseLogger - skip non existing resourceDirectory F:\workspace2\Logistics_System\LogisticSystem\client\src\test\resources
2015-12-04 00:35:44,349 [Worker-5] WARN  o.e.m.c.i.embedder.EclipseLogger - Using platform encoding (GBK actually) to copy filtered resources, i.e. build is platform dependent!
2015-12-04 00:35:44,350 [Worker-5] INFO  o.e.m.c.i.embedder.EclipseLogger - skip non existing resourceDirectory F:\workspace2\Logistics_System\LogisticSystem\client\src\main\resources
2015-12-04 00:35:44,351 [Worker-5] WARN  o.e.m.c.i.embedder.EclipseLogger - Using platform encoding (GBK actually) to copy filtered resources, i.e. build is platform dependent!
2015-12-04 00:35:44,351 [Worker-5] INFO  o.e.m.c.i.embedder.EclipseLogger - skip non existing resourceDirectory F:\workspace2\Logistics_System\LogisticSystem\client\src\test\resources
2015-12-04 00:35:52,175 [Worker-6] WARN  o.e.m.c.i.embedder.EclipseLogger - Using platform encoding (GBK actually) to copy filtered resources, i.e. build is platform dependent!
2015-12-04 00:35:52,175 [Worker-6] INFO  o.e.m.c.i.embedder.EclipseLogger - skip non existing resourceDirectory F:\workspace2\Logistics_System\LogisticSystem\client\src\main\resources
2015-12-04 00:35:52,177 [Worker-6] WARN  o.e.m.c.i.embedder.EclipseLogger - Using platform encoding (GBK actually) to copy filtered resources, i.e. build is platform dependent!
2015-12-04 00:35:52,178 [Worker-6] INFO  o.e.m.c.i.embedder.EclipseLogger - skip non existing resourceDirectory F:\workspace2\Logistics_System\LogisticSystem\client\src\test\resources
2015-12-04 00:36:13,553 [Worker-2] WARN  o.e.m.c.i.embedder.EclipseLogger - Using platform encoding (GBK actually) to copy filtered resources, i.e. build is platform dependent!
2015-12-04 00:36:13,554 [Worker-2] INFO  o.e.m.c.i.embedder.EclipseLogger - skip non existing resourceDirectory F:\workspace2\Logistics_System\LogisticSystem\client\src\main\resources
2015-12-04 00:36:13,555 [Worker-2] WARN  o.e.m.c.i.embedder.EclipseLogger - Using platform encoding (GBK actually) to copy filtered resources, i.e. build is platform dependent!
2015-12-04 00:36:13,555 [Worker-2] INFO  o.e.m.c.i.embedder.EclipseLogger - skip non existing resourceDirectory F:\workspace2\Logistics_System\LogisticSystem\client\src\test\resources
2015-12-04 00:36:44,743 [Worker-8] WARN  o.e.m.c.i.embedder.EclipseLogger - Using platform encoding (GBK actually) to copy filtered resources, i.e. build is platform dependent!
2015-12-04 00:36:44,744 [Worker-8] INFO  o.e.m.c.i.embedder.EclipseLogger - skip non existing resourceDirectory F:\workspace2\Logistics_System\LogisticSystem\client\src\main\resources
2015-12-04 00:36:44,746 [Worker-8] WARN  o.e.m.c.i.embedder.EclipseLogger - Using platform encoding (GBK actually) to copy filtered resources, i.e. build is platform dependent!
2015-12-04 00:36:44,747 [Worker-8] INFO  o.e.m.c.i.embedder.EclipseLogger - skip non existing resourceDirectory F:\workspace2\Logistics_System\LogisticSystem\client\src\test\resources
2015-12-04 00:37:14,749 [Worker-2] WARN  o.e.m.c.i.embedder.EclipseLogger - Using platform encoding (GBK actually) to copy filtered resources, i.e. build is platform dependent!
2015-12-04 00:37:14,749 [Worker-2] INFO  o.e.m.c.i.embedder.EclipseLogger - skip non existing resourceDirectory F:\workspace2\Logistics_System\LogisticSystem\client\src\main\resources
2015-12-04 00:37:14,750 [Worker-2] WARN  o.e.m.c.i.embedder.EclipseLogger - Using platform encoding (GBK actually) to copy filtered resources, i.e. build is platform dependent!
2015-12-04 00:37:14,751 [Worker-2] INFO  o.e.m.c.i.embedder.EclipseLogger - skip non existing resourceDirectory F:\workspace2\Logistics_System\LogisticSystem\client\src\test\resources
2015-12-04 00:38:36,666 [Worker-3] WARN  o.e.m.c.i.embedder.EclipseLogger - Using platform encoding (GBK actually) to copy filtered resources, i.e. build is platform dependent!
2015-12-04 00:38:36,667 [Worker-3] INFO  o.e.m.c.i.embedder.EclipseLogger - skip non existing resourceDirectory F:\workspace2\Logistics_System\LogisticSystem\client\src\main\resources
2015-12-04 00:38:36,667 [Worker-3] WARN  o.e.m.c.i.embedder.EclipseLogger - Using platform encoding (GBK actually) to copy filtered resources, i.e. build is platform dependent!
2015-12-04 00:38:36,668 [Worker-3] INFO  o.e.m.c.i.embedder.EclipseLogger - skip non existing resourceDirectory F:\workspace2\Logistics_System\LogisticSystem\client\src\test\resources
2015-12-04 00:40:38,714 [Worker-1] WARN  o.e.m.c.i.embedder.EclipseLogger - Using platform encoding (GBK actually) to copy filtered resources, i.e. build is platform dependent!
2015-12-04 00:40:38,715 [Worker-1] INFO  o.e.m.c.i.embedder.EclipseLogger - skip non existing resourceDirectory F:\workspace2\Logistics_System\LogisticSystem\client\src\main\resources
2015-12-04 00:40:38,715 [Worker-1] WARN  o.e.m.c.i.embedder.EclipseLogger - Using platform encoding (GBK actually) to copy filtered resources, i.e. build is platform dependent!
2015-12-04 00:40:38,716 [Worker-1] INFO  o.e.m.c.i.embedder.EclipseLogger - skip non existing resourceDirectory F:\workspace2\Logistics_System\LogisticSystem\client\src\test\resources
2015-12-04 00:40:41,909 [Worker-4] WARN  o.e.m.c.i.embedder.EclipseLogger - Using platform encoding (GBK actually) to copy filtered resources, i.e. build is platform dependent!
2015-12-04 00:40:41,910 [Worker-4] INFO  o.e.m.c.i.embedder.EclipseLogger - skip non existing resourceDirectory F:\workspace2\Logistics_System\LogisticSystem\client\src\main\resources
2015-12-04 00:40:41,911 [Worker-4] WARN  o.e.m.c.i.embedder.EclipseLogger - Using platform encoding (GBK actually) to copy filtered resources, i.e. build is platform dependent!
2015-12-04 00:40:41,912 [Worker-4] INFO  o.e.m.c.i.embedder.EclipseLogger - skip non existing resourceDirectory F:\workspace2\Logistics_System\LogisticSystem\client\src\test\resources
2015-12-04 00:45:19,220 [Worker-8] WARN  o.e.m.c.i.embedder.EclipseLogger - Using platform encoding (GBK actually) to copy filtered resources, i.e. build is platform dependent!
2015-12-04 00:45:19,223 [Worker-8] INFO  o.e.m.c.i.embedder.EclipseLogger - skip non existing resourceDirectory F:\workspace2\Logistics_System\LogisticSystem\client\src\main\resources
2015-12-04 00:45:19,223 [Worker-8] WARN  o.e.m.c.i.embedder.EclipseLogger - Using platform encoding (GBK actually) to copy filtered resources, i.e. build is platform dependent!
2015-12-04 00:45:19,224 [Worker-8] INFO  o.e.m.c.i.embedder.EclipseLogger - skip non existing resourceDirectory F:\workspace2\Logistics_System\LogisticSystem\client\src\test\resources
2015-12-04 00:45:21,976 [Worker-1] WARN  o.e.m.c.i.embedder.EclipseLogger - Using platform encoding (GBK actually) to copy filtered resources, i.e. build is platform dependent!
2015-12-04 00:45:21,977 [Worker-1] INFO  o.e.m.c.i.embedder.EclipseLogger - skip non existing resourceDirectory F:\workspace2\Logistics_System\LogisticSystem\client\src\main\resources
2015-12-04 00:45:21,978 [Worker-1] WARN  o.e.m.c.i.embedder.EclipseLogger - Using platform encoding (GBK actually) to copy filtered resources, i.e. build is platform dependent!
2015-12-04 00:45:21,978 [Worker-1] INFO  o.e.m.c.i.embedder.EclipseLogger - skip non existing resourceDirectory F:\workspace2\Logistics_System\LogisticSystem\client\src\test\resources
2015-12-04 00:45:25,285 [Worker-8] WARN  o.e.m.c.i.embedder.EclipseLogger - Using platform encoding (GBK actually) to copy filtered resources, i.e. build is platform dependent!
2015-12-04 00:45:25,285 [Worker-8] INFO  o.e.m.c.i.embedder.EclipseLogger - skip non existing resourceDirectory F:\workspace2\Logistics_System\LogisticSystem\client\src\main\resources
2015-12-04 00:45:25,286 [Worker-8] WARN  o.e.m.c.i.embedder.EclipseLogger - Using platform encoding (GBK actually) to copy filtered resources, i.e. build is platform dependent!
2015-12-04 00:45:25,287 [Worker-8] INFO  o.e.m.c.i.embedder.EclipseLogger - skip non existing resourceDirectory F:\workspace2\Logistics_System\LogisticSystem\client\src\test\resources
2015-12-04 00:47:01,165 [Worker-8] WARN  o.e.m.c.i.embedder.EclipseLogger - Using platform encoding (GBK actually) to copy filtered resources, i.e. build is platform dependent!
2015-12-04 00:47:01,166 [Worker-8] INFO  o.e.m.c.i.embedder.EclipseLogger - skip non existing resourceDirectory F:\workspace2\Logistics_System\LogisticSystem\client\src\main\resources
2015-12-04 00:47:01,167 [Worker-8] WARN  o.e.m.c.i.embedder.EclipseLogger - Using platform encoding (GBK actually) to copy filtered resources, i.e. build is platform dependent!
2015-12-04 00:47:01,168 [Worker-8] INFO  o.e.m.c.i.embedder.EclipseLogger - skip non existing resourceDirectory F:\workspace2\Logistics_System\LogisticSystem\client\src\test\resources
2015-12-04 00:47:04,695 [Worker-2] WARN  o.e.m.c.i.embedder.EclipseLogger - Using platform encoding (GBK actually) to copy filtered resources, i.e. build is platform dependent!
2015-12-04 00:47:04,696 [Worker-2] INFO  o.e.m.c.i.embedder.EclipseLogger - skip non existing resourceDirectory F:\workspace2\Logistics_System\LogisticSystem\client\src\main\resources
2015-12-04 00:47:04,697 [Worker-2] WARN  o.e.m.c.i.embedder.EclipseLogger - Using platform encoding (GBK actually) to copy filtered resources, i.e. build is platform dependent!
2015-12-04 00:47:04,697 [Worker-2] INFO  o.e.m.c.i.embedder.EclipseLogger - skip non existing resourceDirectory F:\workspace2\Logistics_System\LogisticSystem\client\src\test\resources
2015-12-04 00:48:12,489 [Worker-8] WARN  o.e.m.c.i.embedder.EclipseLogger - Using platform encoding (GBK actually) to copy filtered resources, i.e. build is platform dependent!
2015-12-04 00:48:12,489 [Worker-8] INFO  o.e.m.c.i.embedder.EclipseLogger - skip non existing resourceDirectory F:\workspace2\Logistics_System\LogisticSystem\client\src\main\resources
2015-12-04 00:48:12,490 [Worker-8] WARN  o.e.m.c.i.embedder.EclipseLogger - Using platform encoding (GBK actually) to copy filtered resources, i.e. build is platform dependent!
2015-12-04 00:48:12,491 [Worker-8] INFO  o.e.m.c.i.embedder.EclipseLogger - skip non existing resourceDirectory F:\workspace2\Logistics_System\LogisticSystem\client\src\test\resources
2015-12-04 00:48:14,442 [Worker-5] WARN  o.e.m.c.i.embedder.EclipseLogger - Using platform encoding (GBK actually) to copy filtered resources, i.e. build is platform dependent!
2015-12-04 00:48:14,443 [Worker-5] INFO  o.e.m.c.i.embedder.EclipseLogger - skip non existing resourceDirectory F:\workspace2\Logistics_System\LogisticSystem\client\src\main\resources
2015-12-04 00:48:14,444 [Worker-5] WARN  o.e.m.c.i.embedder.EclipseLogger - Using platform encoding (GBK actually) to copy filtered resources, i.e. build is platform dependent!
2015-12-04 00:48:14,445 [Worker-5] INFO  o.e.m.c.i.embedder.EclipseLogger - skip non existing resourceDirectory F:\workspace2\Logistics_System\LogisticSystem\client\src\test\resources
2015-12-04 00:49:21,245 [Worker-9] WARN  o.e.m.c.i.embedder.EclipseLogger - Using platform encoding (GBK actually) to copy filtered resources, i.e. build is platform dependent!
2015-12-04 00:49:21,246 [Worker-9] INFO  o.e.m.c.i.embedder.EclipseLogger - skip non existing resourceDirectory F:\workspace2\Logistics_System\LogisticSystem\client\src\main\resources
2015-12-04 00:49:21,248 [Worker-9] WARN  o.e.m.c.i.embedder.EclipseLogger - Using platform encoding (GBK actually) to copy filtered resources, i.e. build is platform dependent!
2015-12-04 00:49:21,248 [Worker-9] INFO  o.e.m.c.i.embedder.EclipseLogger - skip non existing resourceDirectory F:\workspace2\Logistics_System\LogisticSystem\client\src\test\resources
2015-12-04 00:49:39,228 [Worker-3] WARN  o.e.m.c.i.embedder.EclipseLogger - Using platform encoding (GBK actually) to copy filtered resources, i.e. build is platform dependent!
2015-12-04 00:49:39,229 [Worker-3] INFO  o.e.m.c.i.embedder.EclipseLogger - skip non existing resourceDirectory F:\workspace2\Logistics_System\LogisticSystem\client\src\main\resources
2015-12-04 00:49:39,230 [Worker-3] WARN  o.e.m.c.i.embedder.EclipseLogger - Using platform encoding (GBK actually) to copy filtered resources, i.e. build is platform dependent!
2015-12-04 00:49:39,230 [Worker-3] INFO  o.e.m.c.i.embedder.EclipseLogger - skip non existing resourceDirectory F:\workspace2\Logistics_System\LogisticSystem\client\src\test\resources
2015-12-04 00:49:55,028 [Worker-3] WARN  o.e.m.c.i.embedder.EclipseLogger - Using platform encoding (GBK actually) to copy filtered resources, i.e. build is platform dependent!
2015-12-04 00:49:55,029 [Worker-3] INFO  o.e.m.c.i.embedder.EclipseLogger - skip non existing resourceDirectory F:\workspace2\Logistics_System\LogisticSystem\client\src\main\resources
2015-12-04 00:49:55,031 [Worker-3] WARN  o.e.m.c.i.embedder.EclipseLogger - Using platform encoding (GBK actually) to copy filtered resources, i.e. build is platform dependent!
2015-12-04 00:49:55,031 [Worker-3] INFO  o.e.m.c.i.embedder.EclipseLogger - skip non existing resourceDirectory F:\workspace2\Logistics_System\LogisticSystem\client\src\test\resources
2015-12-04 00:50:01,015 [Worker-2] WARN  o.e.m.c.i.embedder.EclipseLogger - Using platform encoding (GBK actually) to copy filtered resources, i.e. build is platform dependent!
2015-12-04 00:50:01,016 [Worker-2] INFO  o.e.m.c.i.embedder.EclipseLogger - skip non existing resourceDirectory F:\workspace2\Logistics_System\LogisticSystem\client\src\main\resources
2015-12-04 00:50:01,017 [Worker-2] WARN  o.e.m.c.i.embedder.EclipseLogger - Using platform encoding (GBK actually) to copy filtered resources, i.e. build is platform dependent!
2015-12-04 00:50:01,018 [Worker-2] INFO  o.e.m.c.i.embedder.EclipseLogger - skip non existing resourceDirectory F:\workspace2\Logistics_System\LogisticSystem\client\src\test\resources
2015-12-04 00:50:41,890 [Worker-10] WARN  o.e.m.c.i.embedder.EclipseLogger - Using platform encoding (GBK actually) to copy filtered resources, i.e. build is platform dependent!
2015-12-04 00:50:41,891 [Worker-10] INFO  o.e.m.c.i.embedder.EclipseLogger - skip non existing resourceDirectory F:\workspace2\Logistics_System\LogisticSystem\client\src\main\resources
2015-12-04 00:50:41,891 [Worker-10] WARN  o.e.m.c.i.embedder.EclipseLogger - Using platform encoding (GBK actually) to copy filtered resources, i.e. build is platform dependent!
2015-12-04 00:50:41,892 [Worker-10] INFO  o.e.m.c.i.embedder.EclipseLogger - skip non existing resourceDirectory F:\workspace2\Logistics_System\LogisticSystem\client\src\test\resources
2015-12-04 00:50:44,436 [Worker-5] WARN  o.e.m.c.i.embedder.EclipseLogger - Using platform encoding (GBK actually) to copy filtered resources, i.e. build is platform dependent!
2015-12-04 00:50:44,437 [Worker-5] INFO  o.e.m.c.i.embedder.EclipseLogger - skip non existing resourceDirectory F:\workspace2\Logistics_System\LogisticSystem\client\src\main\resources
2015-12-04 00:50:44,439 [Worker-5] WARN  o.e.m.c.i.embedder.EclipseLogger - Using platform encoding (GBK actually) to copy filtered resources, i.e. build is platform dependent!
2015-12-04 00:50:44,440 [Worker-5] INFO  o.e.m.c.i.embedder.EclipseLogger - skip non existing resourceDirectory F:\workspace2\Logistics_System\LogisticSystem\client\src\test\resources
2015-12-04 00:52:32,877 [Worker-5] WARN  o.e.m.c.i.embedder.EclipseLogger - Using platform encoding (GBK actually) to copy filtered resources, i.e. build is platform dependent!
2015-12-04 00:52:32,877 [Worker-5] INFO  o.e.m.c.i.embedder.EclipseLogger - skip non existing resourceDirectory F:\workspace2\Logistics_System\LogisticSystem\common\src\main\resources
2015-12-04 00:52:32,879 [Worker-5] WARN  o.e.m.c.i.embedder.EclipseLogger - Using platform encoding (GBK actually) to copy filtered resources, i.e. build is platform dependent!
2015-12-04 00:52:32,880 [Worker-5] INFO  o.e.m.c.i.embedder.EclipseLogger - skip non existing resourceDirectory F:\workspace2\Logistics_System\LogisticSystem\common\src\test\resources
2015-12-04 00:54:55,866 [Worker-1] WARN  o.e.m.c.i.embedder.EclipseLogger - Using platform encoding (GBK actually) to copy filtered resources, i.e. build is platform dependent!
2015-12-04 00:54:55,866 [Worker-1] INFO  o.e.m.c.i.embedder.EclipseLogger - skip non existing resourceDirectory F:\workspace2\Logistics_System\LogisticSystem\client\src\main\resources
2015-12-04 00:54:55,867 [Worker-1] WARN  o.e.m.c.i.embedder.EclipseLogger - Using platform encoding (GBK actually) to copy filtered resources, i.e. build is platform dependent!
2015-12-04 00:54:55,867 [Worker-1] INFO  o.e.m.c.i.embedder.EclipseLogger - skip non existing resourceDirectory F:\workspace2\Logistics_System\LogisticSystem\client\src\test\resources
